Builds/Android/app/build/intermediates/manifest_merge_blame_file/release_Release/manifest-merger-blame-release_-release-report.txt
1<?xml version="1.0" encoding="utf-8"?>
2<manifest xmlns:android="http://schemas.android.com/apk/res/android"
3    package="com.acme.nativeandroidjucesample"
4    android:versionCode="1"
5    android:versionName="1.0.0" >
6
7    <uses-sdk
8        android:minSdkVersion="23"
8-->src\main\AndroidManifest.xml
9        android:targetSdkVersion="29" />
9-->src\main\AndroidManifest.xml
10
11    <supports-screens
11-->src\main\AndroidManifest.xml:5:3-6:51
12        android:anyDensity="true"
12-->src\main\AndroidManifest.xml:5:106-131
13        android:largeScreens="true"
13-->src\main\AndroidManifest.xml:5:78-105
14        android:normalScreens="true"
14-->src\main\AndroidManifest.xml:5:49-77
15        android:smallScreens="true"
15-->src\main\AndroidManifest.xml:5:21-48
16        android:xlargeScreens="true" />
16-->src\main\AndroidManifest.xml:6:21-49
17
18    <uses-permission android:name="android.permission.WRITE_EXTERNAL_STORAGE" />
18-->src\main\AndroidManifest.xml:7:3-78
18-->src\main\AndroidManifest.xml:7:20-76
19    <uses-permission android:name="android.permission.READ_EXTERNAL_STORAGE" />
19-->src\main\AndroidManifest.xml:8:3-77
19-->src\main\AndroidManifest.xml:8:20-75
20    <uses-permission android:name="android.permission.ACCESS_FINE_LOCATION" />
20-->src\main\AndroidManifest.xml:9:3-76
20-->src\main\AndroidManifest.xml:9:20-74
21    <uses-permission android:name="android.permission.BLUETOOTH_ADMIN" />
21-->src\main\AndroidManifest.xml:10:3-71
21-->src\main\AndroidManifest.xml:10:20-69
22    <uses-permission android:name="android.permission.BLUETOOTH" />
22-->src\main\AndroidManifest.xml:11:3-65
22-->src\main\AndroidManifest.xml:11:20-63
23    <uses-permission android:name="android.permission.CHANGE_WIFI_MULTICAST_STATE" />
23-->src\main\AndroidManifest.xml:12:3-83
23-->src\main\AndroidManifest.xml:12:20-81
24    <uses-permission android:name="android.permission.INTERNET" />
24-->src\main\AndroidManifest.xml:13:3-64
24-->src\main\AndroidManifest.xml:13:20-62
25    <uses-permission android:name="android.permission.ACCESS_NETWORK_STATE" />
25-->[com.firebaseui:firebase-ui-auth:6.4.0] AndroidManifest.xml:12:5-79
25-->[com.firebaseui:firebase-ui-auth:6.4.0] AndroidManifest.xml:12:22-76
26    <uses-permission android:name="android.permission.WAKE_LOCK" />
26-->[com.google.android.gms:play-services-measurement-api:18.0.0] AndroidManifest.xml:24:5-68
26-->[com.google.android.gms:play-services-measurement-api:18.0.0] AndroidManifest.xml:24:22-65
27    <uses-permission android:name="com.google.android.finsky.permission.BIND_GET_INSTALL_REFERRER_SERVICE" />
27-->[com.google.android.gms:play-services-measurement:18.0.0] AndroidManifest.xml:26:5-110
27-->[com.google.android.gms:play-services-measurement:18.0.0] AndroidManifest.xml:26:22-107
28
29    <application
29-->src\main\AndroidManifest.xml:14:3-23:17
30        android:name="com.rmsl.juce.JuceApp"
30-->src\main\AndroidManifest.xml:14:49-85
31        android:appComponentFactory="androidx.core.app.CoreComponentFactory"
31-->[androidx.core:core:1.2.0] AndroidManifest.xml:24:18-86
32        android:extractNativeLibs="false"
33        android:hardwareAccelerated="false"
33-->src\main\AndroidManifest.xml:14:86-121
34        android:label="@string/app_name" >
34-->src\main\AndroidManifest.xml:14:16-48
35        <activity
35-->src\main\AndroidManifest.xml:15:5-21:16
36            android:name="com.acme.NativeAndroidJuceActivity"
36-->src\main\AndroidManifest.xml:15:15-64
37            android:configChanges="keyboardHidden|orientation|screenSize"
37-->src\main\AndroidManifest.xml:15:98-159
38            android:hardwareAccelerated="true"
38-->src\main\AndroidManifest.xml:16:87-121
39            android:label="@string/app_name"
39-->src\main\AndroidManifest.xml:15:65-97
40            android:launchMode="singleTask"
40-->src\main\AndroidManifest.xml:16:55-86
41            android:screenOrientation="unspecified" >
41-->src\main\AndroidManifest.xml:16:15-54
42            <intent-filter>
42-->src\main\AndroidManifest.xml:17:7-20:23
43                <action android:name="android.intent.action.MAIN" />
43-->src\main\AndroidManifest.xml:18:9-60
43-->src\main\AndroidManifest.xml:18:17-58
44
45                <category android:name="android.intent.category.LAUNCHER" />
45-->src\main\AndroidManifest.xml:19:9-68
45-->src\main\AndroidManifest.xml:19:19-66
46            </intent-filter>
47        </activity>
48        <activity android:name="com.acme.activity2" />
48-->src\main\AndroidManifest.xml:22:5-50
48-->src\main\AndroidManifest.xml:22:15-48
49
50        <meta-data
50-->[com.firebaseui:firebase-ui-auth:6.4.0] AndroidManifest.xml:16:9-18:69
51            android:name="com.google.android.gms.version"
51-->[com.firebaseui:firebase-ui-auth:6.4.0] AndroidManifest.xml:17:13-58
52            android:value="@integer/google_play_services_version" />
52-->[com.firebaseui:firebase-ui-auth:6.4.0] AndroidManifest.xml:18:13-66
53        <meta-data
53-->[com.firebaseui:firebase-ui-auth:6.4.0] AndroidManifest.xml:19:9-21:63
54            android:name="com.facebook.sdk.ApplicationId"
54-->[com.firebaseui:firebase-ui-auth:6.4.0] AndroidManifest.xml:20:13-58
55            android:value="@string/facebook_application_id" />
55-->[com.firebaseui:firebase-ui-auth:6.4.0] AndroidManifest.xml:21:13-60
56
57        <activity
57-->[com.firebaseui:firebase-ui-auth:6.4.0] AndroidManifest.xml:23:9-27:61
58            android:name="com.firebase.ui.auth.KickoffActivity"
58-->[com.firebaseui:firebase-ui-auth:6.4.0] AndroidManifest.xml:24:13-64
59            android:exported="false"
59-->[com.firebaseui:firebase-ui-auth:6.4.0] AndroidManifest.xml:25:13-37
60            android:label=""
60-->[com.firebaseui:firebase-ui-auth:6.4.0] AndroidManifest.xml:26:13-29
61            android:theme="@style/FirebaseUI.Transparent" />
61-->[com.firebaseui:firebase-ui-auth:6.4.0] AndroidManifest.xml:27:13-58
62        <activity
62-->[com.firebaseui:firebase-ui-auth:6.4.0] AndroidManifest.xml:28:9-32:61
63            android:name="com.firebase.ui.auth.ui.idp.SingleSignInActivity"
63-->[com.firebaseui:firebase-ui-auth:6.4.0] AndroidManifest.xml:29:13-76
64            android:exported="false"
64-->[com.firebaseui:firebase-ui-auth:6.4.0] AndroidManifest.xml:30:13-37
65            android:label=""
65-->[com.firebaseui:firebase-ui-auth:6.4.0] AndroidManifest.xml:31:13-29
66            android:theme="@style/FirebaseUI.Transparent" />
66-->[com.firebaseui:firebase-ui-auth:6.4.0] AndroidManifest.xml:32:13-58
67        <activity
67-->[com.firebaseui:firebase-ui-auth:6.4.0] AndroidManifest.xml:33:9-37:61
68            android:name="com.firebase.ui.auth.ui.credentials.CredentialSaveActivity"
68-->[com.firebaseui:firebase-ui-auth:6.4.0] AndroidManifest.xml:34:13-86
69            android:exported="false"
69-->[com.firebaseui:firebase-ui-auth:6.4.0] AndroidManifest.xml:35:13-37
70            android:label=""
70-->[com.firebaseui:firebase-ui-auth:6.4.0] AndroidManifest.xml:36:13-29
71            android:theme="@style/FirebaseUI.Transparent" />
71-->[com.firebaseui:firebase-ui-auth:6.4.0] AndroidManifest.xml:37:13-58
72        <activity
72-->[com.firebaseui:firebase-ui-auth:6.4.0] AndroidManifest.xml:38:9-42:58
73            android:name="com.firebase.ui.auth.ui.email.RecoverPasswordActivity"
73-->[com.firebaseui:firebase-ui-auth:6.4.0] AndroidManifest.xml:39:13-81
74            android:exported="false"
74-->[com.firebaseui:firebase-ui-auth:6.4.0] AndroidManifest.xml:40:13-37
75            android:label="@string/fui_title_recover_password_activity"
75-->[com.firebaseui:firebase-ui-auth:6.4.0] AndroidManifest.xml:41:13-72
76            android:windowSoftInputMode="adjustResize" />
76-->[com.firebaseui:firebase-ui-auth:6.4.0] AndroidManifest.xml:42:13-55
77        <activity
77-->[com.firebaseui:firebase-ui-auth:6.4.0] AndroidManifest.xml:43:9-47:58
78            android:name="com.firebase.ui.auth.ui.email.EmailActivity"
78-->[com.firebaseui:firebase-ui-auth:6.4.0] AndroidManifest.xml:44:13-71
79            android:exported="false"
79-->[com.firebaseui:firebase-ui-auth:6.4.0] AndroidManifest.xml:45:13-37
80            android:label="@string/fui_sign_in_default"
80-->[com.firebaseui:firebase-ui-auth:6.4.0] AndroidManifest.xml:46:13-56
81            android:windowSoftInputMode="adjustResize" />
81-->[com.firebaseui:firebase-ui-auth:6.4.0] AndroidManifest.xml:47:13-55
82        <activity
82-->[com.firebaseui:firebase-ui-auth:6.4.0] AndroidManifest.xml:48:9-52:77
83            android:name="com.firebase.ui.auth.ui.phone.PhoneActivity"
83-->[com.firebaseui:firebase-ui-auth:6.4.0] AndroidManifest.xml:49:13-71
84            android:exported="false"
84-->[com.firebaseui:firebase-ui-auth:6.4.0] AndroidManifest.xml:50:13-37
85            android:label="@string/fui_sign_in_with_phone_number"
85-->[com.firebaseui:firebase-ui-auth:6.4.0] AndroidManifest.xml:51:13-66
86            android:windowSoftInputMode="adjustResize|stateAlwaysVisible" />
86-->[com.firebaseui:firebase-ui-auth:6.4.0] AndroidManifest.xml:52:13-74
87        <activity
87-->[com.firebaseui:firebase-ui-auth:6.4.0] AndroidManifest.xml:53:9-57:58
88            android:name="com.firebase.ui.auth.ui.idp.WelcomeBackIdpPrompt"
88-->[com.firebaseui:firebase-ui-auth:6.4.0] AndroidManifest.xml:54:13-76
89            android:exported="false"
89-->[com.firebaseui:firebase-ui-auth:6.4.0] AndroidManifest.xml:55:13-37
90            android:label="@string/fui_title_welcome_back_idp_prompt"
90-->[com.firebaseui:firebase-ui-auth:6.4.0] AndroidManifest.xml:56:13-70
91            android:windowSoftInputMode="adjustResize" />
91-->[com.firebaseui:firebase-ui-auth:6.4.0] AndroidManifest.xml:57:13-55
92        <activity
92-->[com.firebaseui:firebase-ui-auth:6.4.0] AndroidManifest.xml:58:9-62:58
93            android:name="com.firebase.ui.auth.ui.email.WelcomeBackPasswordPrompt"
93-->[com.firebaseui:firebase-ui-auth:6.4.0] AndroidManifest.xml:59:13-83
94            android:exported="false"
94-->[com.firebaseui:firebase-ui-auth:6.4.0] AndroidManifest.xml:60:13-37
95            android:label="@string/fui_title_welcome_back_password_prompt"
95-->[com.firebaseui:firebase-ui-auth:6.4.0] AndroidManifest.xml:61:13-75
96            android:windowSoftInputMode="adjustResize" />
96-->[com.firebaseui:firebase-ui-auth:6.4.0] AndroidManifest.xml:62:13-55
97        <activity
97-->[com.firebaseui:firebase-ui-auth:6.4.0] AndroidManifest.xml:63:9-67:58
98            android:name="com.firebase.ui.auth.ui.email.WelcomeBackEmailLinkPrompt"
98-->[com.firebaseui:firebase-ui-auth:6.4.0] AndroidManifest.xml:64:13-84
99            android:exported="false"
99-->[com.firebaseui:firebase-ui-auth:6.4.0] AndroidManifest.xml:65:13-37
100            android:label="@string/fui_title_welcome_back_password_prompt"
100-->[com.firebaseui:firebase-ui-auth:6.4.0] AndroidManifest.xml:66:13-75
101            android:windowSoftInputMode="adjustResize" />
101-->[com.firebaseui:firebase-ui-auth:6.4.0] AndroidManifest.xml:67:13-55
102        <activity
102-->[com.firebaseui:firebase-ui-auth:6.4.0] AndroidManifest.xml:68:9-73:58
103            android:name="com.firebase.ui.auth.ui.email.EmailLinkCatcherActivity"
103-->[com.firebaseui:firebase-ui-auth:6.4.0] AndroidManifest.xml:69:13-82
104            android:exported="false"
104-->[com.firebaseui:firebase-ui-auth:6.4.0] AndroidManifest.xml:70:13-37
105            android:label=""
105-->[com.firebaseui:firebase-ui-auth:6.4.0] AndroidManifest.xml:71:13-29
106            android:theme="@style/FirebaseUI.Transparent"
106-->[com.firebaseui:firebase-ui-auth:6.4.0] AndroidManifest.xml:72:13-58
107            android:windowSoftInputMode="adjustResize" />
107-->[com.firebaseui:firebase-ui-auth:6.4.0] AndroidManifest.xml:73:13-55
108        <activity
108-->[com.firebaseui:firebase-ui-auth:6.4.0] AndroidManifest.xml:74:9-78:58
109            android:name="com.firebase.ui.auth.ui.email.EmailLinkErrorRecoveryActivity"
109-->[com.firebaseui:firebase-ui-auth:6.4.0] AndroidManifest.xml:75:13-88
110            android:exported="false"
110-->[com.firebaseui:firebase-ui-auth:6.4.0] AndroidManifest.xml:76:13-37
111            android:label="@string/fui_sign_in_default"
111-->[com.firebaseui:firebase-ui-auth:6.4.0] AndroidManifest.xml:77:13-56
112            android:windowSoftInputMode="adjustResize" />
112-->[com.firebaseui:firebase-ui-auth:6.4.0] AndroidManifest.xml:78:13-55
113        <activity
113-->[com.firebaseui:firebase-ui-auth:6.4.0] AndroidManifest.xml:79:9-82:65
114            android:name="com.firebase.ui.auth.ui.idp.AuthMethodPickerActivity"
114-->[com.firebaseui:firebase-ui-auth:6.4.0] AndroidManifest.xml:80:13-80
115            android:exported="false"
115-->[com.firebaseui:firebase-ui-auth:6.4.0] AndroidManifest.xml:81:13-37
116            android:label="@string/fui_default_toolbar_title" />
116-->[com.firebaseui:firebase-ui-auth:6.4.0] AndroidManifest.xml:82:13-62
117        <activity
117-->[com.firebaseui:firebase-ui-auth:6.4.0] AndroidManifest.xml:83:9-87:48
118            android:name="com.facebook.FacebookActivity"
118-->[com.firebaseui:firebase-ui-auth:6.4.0] AndroidManifest.xml:84:13-57
119            android:configChanges="keyboard|keyboardHidden|screenLayout|screenSize|orientation"
119-->[com.firebaseui:firebase-ui-auth:6.4.0] AndroidManifest.xml:85:13-96
120            android:label="@string/app_name" />
120-->[com.firebaseui:firebase-ui-auth:6.4.0] AndroidManifest.xml:86:13-45
121        <activity
121-->[com.firebaseui:firebase-ui-auth:6.4.0] AndroidManifest.xml:88:9-100:20
122            android:name="com.facebook.CustomTabActivity"
122-->[com.firebaseui:firebase-ui-auth:6.4.0] AndroidManifest.xml:89:13-58
123            android:exported="true" >
123-->[com.firebaseui:firebase-ui-auth:6.4.0] AndroidManifest.xml:90:13-36
124            <intent-filter>
124-->[com.firebaseui:firebase-ui-auth:6.4.0] AndroidManifest.xml:92:13-99:29
125                <action android:name="android.intent.action.VIEW" />
125-->[com.firebaseui:firebase-ui-auth:6.4.0] AndroidManifest.xml:93:17-69
125-->[com.firebaseui:firebase-ui-auth:6.4.0] AndroidManifest.xml:93:25-66
126
127                <category android:name="android.intent.category.DEFAULT" />
127-->[com.firebaseui:firebase-ui-auth:6.4.0] AndroidManifest.xml:95:17-76
127-->[com.firebaseui:firebase-ui-auth:6.4.0] AndroidManifest.xml:95:27-73
128                <category android:name="android.intent.category.BROWSABLE" />
128-->[com.firebaseui:firebase-ui-auth:6.4.0] AndroidManifest.xml:96:17-78
128-->[com.firebaseui:firebase-ui-auth:6.4.0] AndroidManifest.xml:96:27-75
129
130                <data android:scheme="@string/facebook_login_protocol_scheme" />
130-->[com.firebaseui:firebase-ui-auth:6.4.0] AndroidManifest.xml:98:17-81
130-->[com.firebaseui:firebase-ui-auth:6.4.0] AndroidManifest.xml:98:23-78
131            </intent-filter>
132        </activity>
133
134        <provider
134-->[com.firebaseui:firebase-ui-auth:6.4.0] AndroidManifest.xml:102:9-106:38
135            android:name="com.firebase.ui.auth.data.client.AuthUiInitProvider"
135-->[com.firebaseui:firebase-ui-auth:6.4.0] AndroidManifest.xml:103:13-79
136            android:authorities="com.acme.nativeandroidjucesample.authuiinitprovider"
136-->[com.firebaseui:firebase-ui-auth:6.4.0] AndroidManifest.xml:104:13-70
137            android:exported="false"
137-->[com.firebaseui:firebase-ui-auth:6.4.0] AndroidManifest.xml:105:13-37
138            android:initOrder="90" />
138-->[com.firebaseui:firebase-ui-auth:6.4.0] AndroidManifest.xml:106:13-35
139
140        <activity
140-->[com.google.android.gms:play-services-auth:19.0.0] AndroidManifest.xml:23:9-27:75
141            android:name="com.google.android.gms.auth.api.signin.internal.SignInHubActivity"
141-->[com.google.android.gms:play-services-auth:19.0.0] AndroidManifest.xml:24:13-93
142            android:excludeFromRecents="true"
142-->[com.google.android.gms:play-services-auth:19.0.0] AndroidManifest.xml:25:13-46
143            android:exported="false"
143-->[com.google.android.gms:play-services-auth:19.0.0] AndroidManifest.xml:26:13-37
144            android:theme="@android:style/Theme.Translucent.NoTitleBar" />
144-->[com.google.android.gms:play-services-auth:19.0.0] AndroidManifest.xml:27:13-72
145        <!--
146            Service handling Google Sign-In user revocation. For apps that do not integrate with
147            Google Sign-In, this service will never be started.
148        -->
149        <service
149-->[com.google.android.gms:play-services-auth:19.0.0] AndroidManifest.xml:33:9-37:51
150            android:name="com.google.android.gms.auth.api.signin.RevocationBoundService"
150-->[com.google.android.gms:play-services-auth:19.0.0] AndroidManifest.xml:34:13-89
151            android:exported="true"
151-->[com.google.android.gms:play-services-auth:19.0.0] AndroidManifest.xml:35:13-36
152            android:permission="com.google.android.gms.auth.api.signin.permission.REVOCATION_NOTIFICATION"
152-->[com.google.android.gms:play-services-auth:19.0.0] AndroidManifest.xml:36:13-107
153            android:visibleToInstantApps="true" />
153-->[com.google.android.gms:play-services-auth:19.0.0] AndroidManifest.xml:37:13-48
154
155        <activity
155-->[com.google.firebase:firebase-auth:20.0.1] AndroidManifest.xml:27:9-44:20
156            android:name="com.google.firebase.auth.internal.GenericIdpActivity"
156-->[com.google.firebase:firebase-auth:20.0.1] AndroidManifest.xml:28:13-80
157            android:excludeFromRecents="true"
157-->[com.google.firebase:firebase-auth:20.0.1] AndroidManifest.xml:29:13-46
158            android:exported="true"
158-->[com.google.firebase:firebase-auth:20.0.1] AndroidManifest.xml:30:13-36
159            android:launchMode="singleTask"
159-->[com.google.firebase:firebase-auth:20.0.1] AndroidManifest.xml:31:13-44
160            android:theme="@android:style/Theme.Translucent.NoTitleBar" >
160-->[com.google.firebase:firebase-auth:20.0.1] AndroidManifest.xml:32:13-72
161            <intent-filter>
161-->[com.google.firebase:firebase-auth:20.0.1] AndroidManifest.xml:33:13-43:29
162                <action android:name="android.intent.action.VIEW" />
162-->[com.firebaseui:firebase-ui-auth:6.4.0] AndroidManifest.xml:93:17-69
162-->[com.firebaseui:firebase-ui-auth:6.4.0] AndroidManifest.xml:93:25-66
163
164                <category android:name="android.intent.category.DEFAULT" />
164-->[com.firebaseui:firebase-ui-auth:6.4.0] AndroidManifest.xml:95:17-76
164-->[com.firebaseui:firebase-ui-auth:6.4.0] AndroidManifest.xml:95:27-73
165                <category android:name="android.intent.category.BROWSABLE" />
165-->[com.firebaseui:firebase-ui-auth:6.4.0] AndroidManifest.xml:96:17-78
165-->[com.firebaseui:firebase-ui-auth:6.4.0] AndroidManifest.xml:96:27-75
166
167                <data
167-->[com.firebaseui:firebase-ui-auth:6.4.0] AndroidManifest.xml:98:17-81
168                    android:host="firebase.auth"
169                    android:path="/"
170                    android:scheme="genericidp" />
170-->[com.firebaseui:firebase-ui-auth:6.4.0] AndroidManifest.xml:98:23-78
171            </intent-filter>
172        </activity>
173        <activity
173-->[com.google.firebase:firebase-auth:20.0.1] AndroidManifest.xml:45:9-62:20
174            android:name="com.google.firebase.auth.internal.RecaptchaActivity"
174-->[com.google.firebase:firebase-auth:20.0.1] AndroidManifest.xml:46:13-79
175            android:excludeFromRecents="true"
175-->[com.google.firebase:firebase-auth:20.0.1] AndroidManifest.xml:47:13-46
176            android:exported="true"
176-->[com.google.firebase:firebase-auth:20.0.1] AndroidManifest.xml:48:13-36
177            android:launchMode="singleTask"
177-->[com.google.firebase:firebase-auth:20.0.1] AndroidManifest.xml:49:13-44
178            android:theme="@android:style/Theme.Translucent.NoTitleBar" >
178-->[com.google.firebase:firebase-auth:20.0.1] AndroidManifest.xml:50:13-72
179            <intent-filter>
179-->[com.google.firebase:firebase-auth:20.0.1] AndroidManifest.xml:51:13-61:29
180                <action android:name="android.intent.action.VIEW" />
180-->[com.firebaseui:firebase-ui-auth:6.4.0] AndroidManifest.xml:93:17-69
180-->[com.firebaseui:firebase-ui-auth:6.4.0] AndroidManifest.xml:93:25-66
181
182                <category android:name="android.intent.category.DEFAULT" />
182-->[com.firebaseui:firebase-ui-auth:6.4.0] AndroidManifest.xml:95:17-76
182-->[com.firebaseui:firebase-ui-auth:6.4.0] AndroidManifest.xml:95:27-73
183                <category android:name="android.intent.category.BROWSABLE" />
183-->[com.firebaseui:firebase-ui-auth:6.4.0] AndroidManifest.xml:96:17-78
183-->[com.firebaseui:firebase-ui-auth:6.4.0] AndroidManifest.xml:96:27-75
184
185                <data
185-->[com.firebaseui:firebase-ui-auth:6.4.0] AndroidManifest.xml:98:17-81
186                    android:host="firebase.auth"
187                    android:path="/"
188                    android:scheme="recaptcha" />
188-->[com.firebaseui:firebase-ui-auth:6.4.0] AndroidManifest.xml:98:23-78
189            </intent-filter>
190        </activity>
191
192        <service
192-->[com.google.firebase:firebase-auth:20.0.1] AndroidManifest.xml:64:9-73:19
193            android:name="com.google.firebase.auth.api.fallback.service.FirebaseAuthFallbackService"
193-->[com.google.firebase:firebase-auth:20.0.1] AndroidManifest.xml:65:13-101
194            android:enabled="true"
194-->[com.google.firebase:firebase-auth:20.0.1] AndroidManifest.xml:66:13-35
195            android:exported="false" >
195-->[com.google.firebase:firebase-auth:20.0.1] AndroidManifest.xml:67:13-37
196            <intent-filter>
196-->[com.google.firebase:firebase-auth:20.0.1] AndroidManifest.xml:68:13-72:29
197                <action android:name="com.google.firebase.auth.api.gms.service.START" />
197-->[com.google.firebase:firebase-auth:20.0.1] AndroidManifest.xml:69:17-89
197-->[com.google.firebase:firebase-auth:20.0.1] AndroidManifest.xml:69:25-86
198
199                <category android:name="android.intent.category.DEFAULT" />
199-->[com.firebaseui:firebase-ui-auth:6.4.0] AndroidManifest.xml:95:17-76
199-->[com.firebaseui:firebase-ui-auth:6.4.0] AndroidManifest.xml:95:27-73
200            </intent-filter>
201        </service>
202        <service
202-->[com.google.firebase:firebase-auth:20.0.1] AndroidManifest.xml:74:9-80:19
203            android:name="com.google.firebase.components.ComponentDiscoveryService"
203-->[com.google.firebase:firebase-auth:20.0.1] AndroidManifest.xml:75:13-84
204            android:directBootAware="true"
204-->[com.google.firebase:firebase-common:19.5.0] AndroidManifest.xml:35:13-43
205            android:exported="false" >
205-->[com.google.firebase:firebase-auth:20.0.1] AndroidManifest.xml:76:13-37
206            <meta-data
206-->[com.google.firebase:firebase-auth:20.0.1] AndroidManifest.xml:77:13-79:85
207                android:name="com.google.firebase.components:com.google.firebase.auth.FirebaseAuthRegistrar"
207-->[com.google.firebase:firebase-auth:20.0.1] AndroidManifest.xml:78:17-109
208                android:value="com.google.firebase.components.ComponentRegistrar" />
208-->[com.google.firebase:firebase-auth:20.0.1] AndroidManifest.xml:79:17-82
209            <meta-data
209-->[com.google.android.gms:play-services-measurement-api:18.0.0] AndroidManifest.xml:30:13-32:85
210                android:name="com.google.firebase.components:com.google.firebase.analytics.connector.internal.AnalyticsConnectorRegistrar"
210-->[com.google.android.gms:play-services-measurement-api:18.0.0] AndroidManifest.xml:31:17-139
211                android:value="com.google.firebase.components.ComponentRegistrar" />
211-->[com.google.android.gms:play-services-measurement-api:18.0.0] AndroidManifest.xml:32:17-82
212            <meta-data
212-->[com.google.firebase:firebase-installations:16.3.5] AndroidManifest.xml:18:13-20:85
213                android:name="com.google.firebase.components:com.google.firebase.installations.FirebaseInstallationsRegistrar"
213-->[com.google.firebase:firebase-installations:16.3.5] AndroidManifest.xml:19:17-127
214                android:value="com.google.firebase.components.ComponentRegistrar" />
214-->[com.google.firebase:firebase-installations:16.3.5] AndroidManifest.xml:20:17-82
215            <!--
216                This registrar is not defined in the dynamic-module-support sdk itself to allow non-firebase
217                clients to use it as well, by defining this registrar in their own core/common library.
218            -->
219            <meta-data
219-->[com.google.firebase:firebase-common:19.5.0] AndroidManifest.xml:43:13-45:85
220                android:name="com.google.firebase.components:com.google.firebase.dynamicloading.DynamicLoadingRegistrar"
220-->[com.google.firebase:firebase-common:19.5.0] AndroidManifest.xml:44:17-121
221                android:value="com.google.firebase.components.ComponentRegistrar" />
221-->[com.google.firebase:firebase-common:19.5.0] AndroidManifest.xml:45:17-82
222        </service>
223
224        <provider
224-->[com.google.firebase:firebase-common:19.5.0] AndroidManifest.xml:26:9-31:39
225            android:name="com.google.firebase.provider.FirebaseInitProvider"
225-->[com.google.firebase:firebase-common:19.5.0] AndroidManifest.xml:27:13-77
226            android:authorities="com.acme.nativeandroidjucesample.firebaseinitprovider"
226-->[com.google.firebase:firebase-common:19.5.0] AndroidManifest.xml:28:13-72
227            android:directBootAware="true"
227-->[com.google.firebase:firebase-common:19.5.0] AndroidManifest.xml:29:13-43
228            android:exported="false"
228-->[com.google.firebase:firebase-common:19.5.0] AndroidManifest.xml:30:13-37
229            android:initOrder="100" />
229-->[com.google.firebase:firebase-common:19.5.0] AndroidManifest.xml:31:13-36
230
231        <activity
231-->[com.google.android.gms:play-services-base:17.1.0] AndroidManifest.xml:23:9-26:75
232            android:name="com.google.android.gms.common.api.GoogleApiActivity"
232-->[com.google.android.gms:play-services-base:17.1.0] AndroidManifest.xml:24:13-79
233            android:exported="false"
233-->[com.google.android.gms:play-services-base:17.1.0] AndroidManifest.xml:25:13-37
234            android:theme="@android:style/Theme.Translucent.NoTitleBar" />
234-->[com.google.android.gms:play-services-base:17.1.0] AndroidManifest.xml:26:13-72
235
236        <receiver
236-->[com.google.android.gms:play-services-measurement:18.0.0] AndroidManifest.xml:29:9-33:20
237            android:name="com.google.android.gms.measurement.AppMeasurementReceiver"
237-->[com.google.android.gms:play-services-measurement:18.0.0] AndroidManifest.xml:30:13-85
238            android:enabled="true"
238-->[com.google.android.gms:play-services-measurement:18.0.0] AndroidManifest.xml:31:13-35
239            android:exported="false" >
239-->[com.google.android.gms:play-services-measurement:18.0.0] AndroidManifest.xml:32:13-37
240        </receiver>
241
242        <service
242-->[com.google.android.gms:play-services-measurement:18.0.0] AndroidManifest.xml:35:9-38:40
243            android:name="com.google.android.gms.measurement.AppMeasurementService"
243-->[com.google.android.gms:play-services-measurement:18.0.0] AndroidManifest.xml:36:13-84
244            android:enabled="true"
244-->[com.google.android.gms:play-services-measurement:18.0.0] AndroidManifest.xml:37:13-35
245            android:exported="false" />
245-->[com.google.android.gms:play-services-measurement:18.0.0] AndroidManifest.xml:38:13-37
246        <service
246-->[com.google.android.gms:play-services-measurement:18.0.0] AndroidManifest.xml:39:9-43:72
247            android:name="com.google.android.gms.measurement.AppMeasurementJobService"
247-->[com.google.android.gms:play-services-measurement:18.0.0] AndroidManifest.xml:40:13-87
248            android:enabled="true"
248-->[com.google.android.gms:play-services-measurement:18.0.0] AndroidManifest.xml:41:13-35
249            android:exported="false"
249-->[com.google.android.gms:play-services-measurement:18.0.0] AndroidManifest.xml:42:13-37
250            android:permission="android.permission.BIND_JOB_SERVICE" />
250-->[com.google.android.gms:play-services-measurement:18.0.0] AndroidManifest.xml:43:13-69
251
252        <provider
252-->[androidx.lifecycle:lifecycle-process:2.1.0] AndroidManifest.xml:23:9-27:43
253            android:name="androidx.lifecycle.ProcessLifecycleOwnerInitializer"
253-->[androidx.lifecycle:lifecycle-process:2.1.0] AndroidManifest.xml:24:13-79
254            android:authorities="com.acme.nativeandroidjucesample.lifecycle-process"
254-->[androidx.lifecycle:lifecycle-process:2.1.0] AndroidManifest.xml:25:13-69
255            android:exported="false"
255-->[androidx.lifecycle:lifecycle-process:2.1.0] AndroidManifest.xml:26:13-37
256            android:multiprocess="true" />
256-->[androidx.lifecycle:lifecycle-process:2.1.0] AndroidManifest.xml:27:13-40
257    </application>
258
259</manifest>